[debug] [2024-06-28T08:09:35.761Z] ----------------------------------------------------------------------
[debug] [2024-06-28T08:09:35.762Z] Command:       C:\Program Files\nodejs\node.exe D:\Users\jasonlin.POWERTANKENERGY\AppData\Roaming\npm\node_modules\firebase-tools\lib\bin\firebase.js init
[debug] [2024-06-28T08:09:35.763Z] CLI Version:   13.12.0
[debug] [2024-06-28T08:09:35.763Z] Platform:      win32
[debug] [2024-06-28T08:09:35.763Z] Node Version:  v18.16.1
[debug] [2024-06-28T08:09:35.764Z] Time:          Fri Jun 28 2024 16:09:35 GMT+0800 (台北標準時間)
[debug] [2024-06-28T08:09:35.765Z] ----------------------------------------------------------------------
[debug] 
[debug] [2024-06-28T08:09:35.814Z] > command requires scopes: ["email","openid","https://www.googleapis.com/auth/cloudplatformprojects.readonly","https://www.googleapis.com/auth/firebase","https://www.googleapis.com/auth/cloud-platform"]
[debug] [2024-06-28T08:09:35.814Z] > authorizing via signed-in user (jason8511112003@gmail.com)
[info] 
     ######## #### ########  ######## ########     ###     ######  ########
     ##        ##  ##     ## ##       ##     ##  ##   ##  ##       ##
     ######    ##  ########  ######   ########  #########  ######  ######
     ##        ##  ##    ##  ##       ##     ## ##     ##       ## ##
     ##       #### ##     ## ######## ########  ##     ##  ######  ########

You're about to initialize a Firebase project in this directory:

  D:\react-persist-login\react_persist_login

Before we get started, keep in mind:

  * You are currently outside your home directory
  * You are initializing within an existing Firebase project directory

